Arguments: 
  /home/kentlouisetonino/.nvm/versions/node/v18.13.0/bin/node /home/kentlouisetonino/.cache/node/corepack/yarn/1.22.19/bin/yarn.js install

PATH: 
  /home/kentlouisetonino/.nvm/versions/node/v18.13.0/bin:/home/kentlouisetonino/.cargo/bin:/home/kentlouisetonino/.local/bin:/usr/local/sbin:/usr/local/bin:/usr/sbin:/usr/bin:/sbin:/bin:/usr/games:/usr/local/games:/snap/bin:/snap/bin:/usr/lib/dart/bin

Yarn version: 
  1.22.19

Node version: 
  18.13.0

Platform: 
  linux x64

Trace: 
  Error: https://registry.yarnpkg.com/typescript: ESOCKETTIMEDOUT
      at ClientRequest.<anonymous> (/home/kentlouisetonino/.cache/node/corepack/yarn/1.22.19/lib/cli.js:141517:19)
      at Object.onceWrapper (node:events:627:28)
      at ClientRequest.emit (node:events:513:28)
      at TLSSocket.emitRequestTimeout (node:_http_client:840:9)
      at Object.onceWrapper (node:events:627:28)
      at TLSSocket.emit (node:events:525:35)
      at Socket._onTimeout (node:net:568:8)
      at listOnTimeout (node:internal/timers:564:17)
      at process.processTimers (node:internal/timers:507:7)

npm manifest: 
  {
    "name": "backend-nodejs",
    "version": "1.0.0",
    "author": "Kent Louise Tonino",
    "main": "./dist/server.js",
    "engines": {
      "node": "18.x"
    },
    "scripts": {
      "build": "tsc --build",
      "start": "tsc --build && node ./dist/server.js",
      "dev": "nodemon --config nodemon.json ./src/server.ts",
      "format": "prettier --write \"./**/*.{html,css,ts,md,json,prettierrc,yml}\""
    },
    "license": "MIT",
    "dependencies": {
      "@types/aws-sdk": "^2.7.0",
      "@types/dotenv": "^8.2.0",
      "@types/express": "^4.17.13",
      "@types/mongoose": "^5.11.97",
      "@types/morgan": "^1.9.4",
      "@types/multer": "^1.4.7",
      "@types/node": "^20.2.1",
      "@types/nodemon": "^1.19.2",
      "@types/prettier": "^2.7.0",
      "aws-sdk": "^2.1381.0",
      "dotenv": "^16.0.3",
      "express": "^4.18.1",
      "mongoose": "^7.2.0",
      "morgan": "^1.10.0",
      "multer": "^1.4.5-lts.1",
      "mysql2": "^3.3.2",
      "nodemon": "^2.0.19",
      "prettier": "^2.7.1",
      "ts-node": "^10.9.1",
      "typescript": "^5.0.4"
    }
  }

yarn manifest: 
  No manifest

Lockfile: 
  No lockfile
